<?xml version="1.0" encoding="UTF-8"?>
<testsuites>
  <testsuite name="" tests="29" assertions="127" errors="0" failures="0" skipped="0" time="0.512175">
    <testsuite name="Unit" tests="28" assertions="125" errors="0" failures="0" skipped="0" time="0.401612">
      <testsuite name="Tests\Unit\Playground\Http\Requests\Concerns\StoreContent\TraitTest" file="/app/tests/Unit/Requests/Concerns/StoreContent/TraitTest.php" tests="5" assertions="5" errors="0" failures="0" skipped="0" time="0.281912">
        <testcase name="test_purify" file="/app/tests/Unit/Requests/Concerns/StoreContent/TraitTest.php" line="15" class="Tests\Unit\Playground\Http\Requests\Concerns\StoreContent\TraitTest" classname="Tests.Unit.Playground.Http.Requests.Concerns.StoreContent.TraitTest" assertions="1" time="0.265651"/>
        <testcase name="test_exorcise" file="/app/tests/Unit/Requests/Concerns/StoreContent/TraitTest.php" line="24" class="Tests\Unit\Playground\Http\Requests\Concerns\StoreContent\TraitTest" classname="Tests.Unit.Playground.Http.Requests.Concerns.StoreContent.TraitTest" assertions="1" time="0.004182"/>
        <testcase name="test_getHtmlPurifier" file="/app/tests/Unit/Requests/Concerns/StoreContent/TraitTest.php" line="33" class="Tests\Unit\Playground\Http\Requests\Concerns\StoreContent\TraitTest" classname="Tests.Unit.Playground.Http.Requests.Concerns.StoreContent.TraitTest" assertions="1" time="0.004127"/>
        <testcase name="test_getHtmlPurifier_with_iframes" file="/app/tests/Unit/Requests/Concerns/StoreContent/TraitTest.php" line="43" class="Tests\Unit\Playground\Http\Requests\Concerns\StoreContent\TraitTest" classname="Tests.Unit.Playground.Http.Requests.Concerns.StoreContent.TraitTest" assertions="1" time="0.003995"/>
        <testcase name="test_getHtmlPurifier_with_purifier_path" file="/app/tests/Unit/Requests/Concerns/StoreContent/TraitTest.php" line="55" class="Tests\Unit\Playground\Http\Requests\Concerns\StoreContent\TraitTest" classname="Tests.Unit.Playground.Http.Requests.Concerns.StoreContent.TraitTest" assertions="1" time="0.003957"/>
      </testsuite>
      <testsuite name="Tests\Unit\Playground\Http\Requests\Concerns\StoreFilter\ArrayTraitTest" file="/app/tests/Unit/Requests/Concerns/StoreFilter/ArrayTraitTest.php" tests="2" assertions="12" errors="0" failures="0" skipped="0" time="0.008292">
        <testcase name="test_filterArray" file="/app/tests/Unit/Requests/Concerns/StoreFilter/ArrayTraitTest.php" line="23" class="Tests\Unit\Playground\Http\Requests\Concerns\StoreFilter\ArrayTraitTest" classname="Tests.Unit.Playground.Http.Requests.Concerns.StoreFilter.ArrayTraitTest" assertions="6" time="0.004248"/>
        <testcase name="test_filterArray_to_json" file="/app/tests/Unit/Requests/Concerns/StoreFilter/ArrayTraitTest.php" line="63" class="Tests\Unit\Playground\Http\Requests\Concerns\StoreFilter\ArrayTraitTest" classname="Tests.Unit.Playground.Http.Requests.Concerns.StoreFilter.ArrayTraitTest" assertions="6" time="0.004044"/>
      </testsuite>
      <testsuite name="Tests\Unit\Playground\Http\Requests\Concerns\StoreFilter\BitsTraitTest" file="/app/tests/Unit/Requests/Concerns/StoreFilter/BitsTraitTest.php" tests="2" assertions="7" errors="0" failures="0" skipped="0" time="0.008136">
        <testcase name="test_filterBits_for_exponent_zero" file="/app/tests/Unit/Requests/Concerns/StoreFilter/BitsTraitTest.php" line="23" class="Tests\Unit\Playground\Http\Requests\Concerns\StoreFilter\BitsTraitTest" classname="Tests.Unit.Playground.Http.Requests.Concerns.StoreFilter.BitsTraitTest" assertions="2" time="0.004086"/>
        <testcase name="test_filterBits_for_exponent_greater_than_zero" file="/app/tests/Unit/Requests/Concerns/StoreFilter/BitsTraitTest.php" line="39" class="Tests\Unit\Playground\Http\Requests\Concerns\StoreFilter\BitsTraitTest" classname="Tests.Unit.Playground.Http.Requests.Concerns.StoreFilter.BitsTraitTest" assertions="5" time="0.004050"/>
      </testsuite>
      <testsuite name="Tests\Unit\Playground\Http\Requests\Concerns\StoreFilter\DateTraitTest" file="/app/tests/Unit/Requests/Concerns/StoreFilter/DateTraitTest.php" tests="2" assertions="5" errors="0" failures="0" skipped="0" time="0.008830">
        <testcase name="test_filterDate" file="/app/tests/Unit/Requests/Concerns/StoreFilter/DateTraitTest.php" line="33" class="Tests\Unit\Playground\Http\Requests\Concerns\StoreFilter\DateTraitTest" classname="Tests.Unit.Playground.Http.Requests.Concerns.StoreFilter.DateTraitTest" assertions="2" time="0.004507"/>
        <testcase name="test_filterDateAsCarbon" file="/app/tests/Unit/Requests/Concerns/StoreFilter/DateTraitTest.php" line="56" class="Tests\Unit\Playground\Http\Requests\Concerns\StoreFilter\DateTraitTest" classname="Tests.Unit.Playground.Http.Requests.Concerns.StoreFilter.DateTraitTest" assertions="3" time="0.004322"/>
      </testsuite>
      <testsuite name="Tests\Unit\Playground\Http\Requests\Concerns\StoreFilter\NumberTraitTest" file="/app/tests/Unit/Requests/Concerns/StoreFilter/NumberTraitTest.php" tests="5" assertions="55" errors="0" failures="0" skipped="0" time="0.021764">
        <testcase name="test_filterFloat" file="/app/tests/Unit/Requests/Concerns/StoreFilter/NumberTraitTest.php" line="23" class="Tests\Unit\Playground\Http\Requests\Concerns\StoreFilter\NumberTraitTest" classname="Tests.Unit.Playground.Http.Requests.Concerns.StoreFilter.NumberTraitTest" assertions="4" time="0.004078"/>
        <testcase name="test_filterInteger" file="/app/tests/Unit/Requests/Concerns/StoreFilter/NumberTraitTest.php" line="39" class="Tests\Unit\Playground\Http\Requests\Concerns\StoreFilter\NumberTraitTest" classname="Tests.Unit.Playground.Http.Requests.Concerns.StoreFilter.NumberTraitTest" assertions="6" time="0.004500"/>
        <testcase name="test_filterIntegerId" file="/app/tests/Unit/Requests/Concerns/StoreFilter/NumberTraitTest.php" line="60" class="Tests\Unit\Playground\Http\Requests\Concerns\StoreFilter\NumberTraitTest" classname="Tests.Unit.Playground.Http.Requests.Concerns.StoreFilter.NumberTraitTest" assertions="12" time="0.004401"/>
        <testcase name="test_filterIntegerPositive" file="/app/tests/Unit/Requests/Concerns/StoreFilter/NumberTraitTest.php" line="84" class="Tests\Unit\Playground\Http\Requests\Concerns\StoreFilter\NumberTraitTest" classname="Tests.Unit.Playground.Http.Requests.Concerns.StoreFilter.NumberTraitTest" assertions="27" time="0.004698"/>
        <testcase name="test_filterPercent" file="/app/tests/Unit/Requests/Concerns/StoreFilter/NumberTraitTest.php" line="129" class="Tests\Unit\Playground\Http\Requests\Concerns\StoreFilter\NumberTraitTest" classname="Tests.Unit.Playground.Http.Requests.Concerns.StoreFilter.NumberTraitTest" assertions="6" time="0.004087"/>
      </testsuite>
      <testsuite name="Tests\Unit\Playground\Http\Requests\Concerns\StoreFilter\PhoneTraitTest" file="/app/tests/Unit/Requests/Concerns/StoreFilter/PhoneTraitTest.php" tests="1" assertions="4" errors="0" failures="0" skipped="0" time="0.004296">
        <testcase name="test_filterPhone" file="/app/tests/Unit/Requests/Concerns/StoreFilter/PhoneTraitTest.php" line="23" class="Tests\Unit\Playground\Http\Requests\Concerns\StoreFilter\PhoneTraitTest" classname="Tests.Unit.Playground.Http.Requests.Concerns.StoreFilter.PhoneTraitTest" assertions="4" time="0.004296"/>
      </testsuite>
      <testsuite name="Tests\Unit\Playground\Http\Requests\Concerns\StoreFilter\StatusTraitTest" file="/app/tests/Unit/Requests/Concerns/StoreFilter/StatusTraitTest.php" tests="1" assertions="5" errors="0" failures="0" skipped="0" time="0.004535">
        <testcase name="test_filterStatus" file="/app/tests/Unit/Requests/Concerns/StoreFilter/StatusTraitTest.php" line="22" class="Tests\Unit\Playground\Http\Requests\Concerns\StoreFilter\StatusTraitTest" classname="Tests.Unit.Playground.Http.Requests.Concerns.StoreFilter.StatusTraitTest" assertions="5" time="0.004535"/>
      </testsuite>
      <testsuite name="Tests\Unit\Playground\Http\Requests\Concerns\StoreFilter\SystemFieldsTraitTest" file="/app/tests/Unit/Requests/Concerns/StoreFilter/SystemFieldsTraitTest.php" tests="6" assertions="10" errors="0" failures="0" skipped="0" time="0.028578">
        <testcase name="test_filterSystemFields_with_empty_input" file="/app/tests/Unit/Requests/Concerns/StoreFilter/SystemFieldsTraitTest.php" line="47" class="Tests\Unit\Playground\Http\Requests\Concerns\StoreFilter\SystemFieldsTraitTest" classname="Tests.Unit.Playground.Http.Requests.Concerns.StoreFilter.SystemFieldsTraitTest" assertions="1" time="0.004534"/>
        <testcase name="test_filterSystemFields_for_groups" file="/app/tests/Unit/Requests/Concerns/StoreFilter/SystemFieldsTraitTest.php" line="60" class="Tests\Unit\Playground\Http\Requests\Concerns\StoreFilter\SystemFieldsTraitTest" classname="Tests.Unit.Playground.Http.Requests.Concerns.StoreFilter.SystemFieldsTraitTest" assertions="1" time="0.004601"/>
        <testcase name="test_filterSystemFields_for_valid_permissions" file="/app/tests/Unit/Requests/Concerns/StoreFilter/SystemFieldsTraitTest.php" line="74" class="Tests\Unit\Playground\Http\Requests\Concerns\StoreFilter\SystemFieldsTraitTest" classname="Tests.Unit.Playground.Http.Requests.Concerns.StoreFilter.SystemFieldsTraitTest" assertions="1" time="0.004214"/>
        <testcase name="test_filterSystemFields_for_invalid_permissions" file="/app/tests/Unit/Requests/Concerns/StoreFilter/SystemFieldsTraitTest.php" line="98" class="Tests\Unit\Playground\Http\Requests\Concerns\StoreFilter\SystemFieldsTraitTest" classname="Tests.Unit.Playground.Http.Requests.Concerns.StoreFilter.SystemFieldsTraitTest" assertions="1" time="0.004597"/>
        <testcase name="test_filterSystemFields_for_rank" file="/app/tests/Unit/Requests/Concerns/StoreFilter/SystemFieldsTraitTest.php" line="121" class="Tests\Unit\Playground\Http\Requests\Concerns\StoreFilter\SystemFieldsTraitTest" classname="Tests.Unit.Playground.Http.Requests.Concerns.StoreFilter.SystemFieldsTraitTest" assertions="3" time="0.005223"/>
        <testcase name="test_filterSystemFields_for_size" file="/app/tests/Unit/Requests/Concerns/StoreFilter/SystemFieldsTraitTest.php" line="144" class="Tests\Unit\Playground\Http\Requests\Concerns\StoreFilter\SystemFieldsTraitTest" classname="Tests.Unit.Playground.Http.Requests.Concerns.StoreFilter.SystemFieldsTraitTest" assertions="3" time="0.005410"/>
      </testsuite>
      <testsuite name="Tests\Unit\Playground\Http\Requests\Concerns\StoreFilter\UuidTraitTest" file="/app/tests/Unit/Requests/Concerns/StoreFilter/UuidTraitTest.php" tests="1" assertions="2" errors="0" failures="0" skipped="0" time="0.021066">
        <testcase name="test_filterUuid" file="/app/tests/Unit/Requests/Concerns/StoreFilter/UuidTraitTest.php" line="22" class="Tests\Unit\Playground\Http\Requests\Concerns\StoreFilter\UuidTraitTest" classname="Tests.Unit.Playground.Http.Requests.Concerns.StoreFilter.UuidTraitTest" assertions="2" time="0.021066"/>
      </testsuite>
      <testsuite name="Tests\Unit\Playground\Http\Requests\Concerns\StoreFilter\ValueTraitTest" file="/app/tests/Unit/Requests/Concerns/StoreFilter/ValueTraitTest.php" tests="3" assertions="20" errors="0" failures="0" skipped="0" time="0.014203">
        <testcase name="test_filterBoolean" file="/app/tests/Unit/Requests/Concerns/StoreFilter/ValueTraitTest.php" line="25" class="Tests\Unit\Playground\Http\Requests\Concerns\StoreFilter\ValueTraitTest" classname="Tests.Unit.Playground.Http.Requests.Concerns.StoreFilter.ValueTraitTest" assertions="12" time="0.004598"/>
        <testcase name="test_filterEmail" file="/app/tests/Unit/Requests/Concerns/StoreFilter/ValueTraitTest.php" line="71" class="Tests\Unit\Playground\Http\Requests\Concerns\StoreFilter\ValueTraitTest" classname="Tests.Unit.Playground.Http.Requests.Concerns.StoreFilter.ValueTraitTest" assertions="6" time="0.004400"/>
        <testcase name="test_filterHtml" file="/app/tests/Unit/Requests/Concerns/StoreFilter/ValueTraitTest.php" line="99" class="Tests\Unit\Playground\Http\Requests\Concerns\StoreFilter\ValueTraitTest" classname="Tests.Unit.Playground.Http.Requests.Concerns.StoreFilter.ValueTraitTest" assertions="2" time="0.005205"/>
      </testsuite>
    </testsuite>
    <testsuite name="Feature" tests="1" assertions="2" errors="0" failures="0" skipped="0" time="0.110563">
      <testsuite name="Tests\Feature\Playground\Http\Console\Commands\About\CommandTest" file="/app/tests/Feature/Console/Commands/About/CommandTest.php" tests="1" assertions="2" errors="0" failures="0" skipped="0" time="0.110563">
        <testcase name="test_command_about_displays_package_information_and_succeed_with_code_0" file="/app/tests/Feature/Console/Commands/About/CommandTest.php" line="19" class="Tests\Feature\Playground\Http\Console\Commands\About\CommandTest" classname="Tests.Feature.Playground.Http.Console.Commands.About.CommandTest" assertions="2" time="0.110563"/>
      </testsuite>
    </testsuite>
  </testsuite>
</testsuites>
