<?xml version="1.0" encoding="UTF-8"?>
<testsuites>
  <testsuite name="/app/phpunit.xml.dist" tests="33" assertions="127" errors="0" failures="0" skipped="0" time="1.080203">
    <testsuite name="Unit" tests="32" assertions="125" errors="0" failures="0" skipped="0" time="0.957874">
      <testsuite name="Tests\Unit\Playground\Http\Requests\Concerns\StoreContent\TraitTest" file="/app/tests/Unit/Requests/Concerns/StoreContent/TraitTest.php" tests="5" assertions="5" errors="0" failures="0" skipped="0" time="0.392286">
        <testcase name="test_purify" file="/app/tests/Unit/Requests/Concerns/StoreContent/TraitTest.php" line="17" class="Tests\Unit\Playground\Http\Requests\Concerns\StoreContent\TraitTest" classname="Tests.Unit.Playground.Http.Requests.Concerns.StoreContent.TraitTest" assertions="1" time="0.310989"/>
        <testcase name="test_exorcise" file="/app/tests/Unit/Requests/Concerns/StoreContent/TraitTest.php" line="26" class="Tests\Unit\Playground\Http\Requests\Concerns\StoreContent\TraitTest" classname="Tests.Unit.Playground.Http.Requests.Concerns.StoreContent.TraitTest" assertions="1" time="0.021799"/>
        <testcase name="test_getHtmlPurifier" file="/app/tests/Unit/Requests/Concerns/StoreContent/TraitTest.php" line="35" class="Tests\Unit\Playground\Http\Requests\Concerns\StoreContent\TraitTest" classname="Tests.Unit.Playground.Http.Requests.Concerns.StoreContent.TraitTest" assertions="1" time="0.019872"/>
        <testcase name="test_getHtmlPurifier_with_iframes" file="/app/tests/Unit/Requests/Concerns/StoreContent/TraitTest.php" line="45" class="Tests\Unit\Playground\Http\Requests\Concerns\StoreContent\TraitTest" classname="Tests.Unit.Playground.Http.Requests.Concerns.StoreContent.TraitTest" assertions="1" time="0.019353"/>
        <testcase name="test_getHtmlPurifier_with_purifier_path" file="/app/tests/Unit/Requests/Concerns/StoreContent/TraitTest.php" line="57" class="Tests\Unit\Playground\Http\Requests\Concerns\StoreContent\TraitTest" classname="Tests.Unit.Playground.Http.Requests.Concerns.StoreContent.TraitTest" assertions="1" time="0.020274"/>
      </testsuite>
      <testsuite name="Tests\Unit\Playground\Http\Requests\Concerns\StoreFilter\ArrayTraitTest" file="/app/tests/Unit/Requests/Concerns/StoreFilter/ArrayTraitTest.php" tests="2" assertions="12" errors="0" failures="0" skipped="0" time="0.039200">
        <testcase name="test_filterArray" file="/app/tests/Unit/Requests/Concerns/StoreFilter/ArrayTraitTest.php" line="25" class="Tests\Unit\Playground\Http\Requests\Concerns\StoreFilter\ArrayTraitTest" classname="Tests.Unit.Playground.Http.Requests.Concerns.StoreFilter.ArrayTraitTest" assertions="6" time="0.019562"/>
        <testcase name="test_filterArray_to_json" file="/app/tests/Unit/Requests/Concerns/StoreFilter/ArrayTraitTest.php" line="65" class="Tests\Unit\Playground\Http\Requests\Concerns\StoreFilter\ArrayTraitTest" classname="Tests.Unit.Playground.Http.Requests.Concerns.StoreFilter.ArrayTraitTest" assertions="6" time="0.019638"/>
      </testsuite>
      <testsuite name="Tests\Unit\Playground\Http\Requests\Concerns\StoreFilter\BitsTraitTest" file="/app/tests/Unit/Requests/Concerns/StoreFilter/BitsTraitTest.php" tests="2" assertions="7" errors="0" failures="0" skipped="0" time="0.039563">
        <testcase name="test_filterBits_for_exponent_zero" file="/app/tests/Unit/Requests/Concerns/StoreFilter/BitsTraitTest.php" line="25" class="Tests\Unit\Playground\Http\Requests\Concerns\StoreFilter\BitsTraitTest" classname="Tests.Unit.Playground.Http.Requests.Concerns.StoreFilter.BitsTraitTest" assertions="2" time="0.019717"/>
        <testcase name="test_filterBits_for_exponent_greater_than_zero" file="/app/tests/Unit/Requests/Concerns/StoreFilter/BitsTraitTest.php" line="41" class="Tests\Unit\Playground\Http\Requests\Concerns\StoreFilter\BitsTraitTest" classname="Tests.Unit.Playground.Http.Requests.Concerns.StoreFilter.BitsTraitTest" assertions="5" time="0.019846"/>
      </testsuite>
      <testsuite name="Tests\Unit\Playground\Http\Requests\Concerns\StoreFilter\DateTraitTest" file="/app/tests/Unit/Requests/Concerns/StoreFilter/DateTraitTest.php" tests="2" assertions="5" errors="0" failures="0" skipped="0" time="0.044290">
        <testcase name="test_filterDate" file="/app/tests/Unit/Requests/Concerns/StoreFilter/DateTraitTest.php" line="35" class="Tests\Unit\Playground\Http\Requests\Concerns\StoreFilter\DateTraitTest" classname="Tests.Unit.Playground.Http.Requests.Concerns.StoreFilter.DateTraitTest" assertions="2" time="0.023951"/>
        <testcase name="test_filterDateAsCarbon" file="/app/tests/Unit/Requests/Concerns/StoreFilter/DateTraitTest.php" line="58" class="Tests\Unit\Playground\Http\Requests\Concerns\StoreFilter\DateTraitTest" classname="Tests.Unit.Playground.Http.Requests.Concerns.StoreFilter.DateTraitTest" assertions="3" time="0.020339"/>
      </testsuite>
      <testsuite name="Tests\Unit\Playground\Http\Requests\Concerns\StoreFilter\NumberTraitTest" file="/app/tests/Unit/Requests/Concerns/StoreFilter/NumberTraitTest.php" tests="5" assertions="55" errors="0" failures="0" skipped="0" time="0.102413">
        <testcase name="test_filterFloat" file="/app/tests/Unit/Requests/Concerns/StoreFilter/NumberTraitTest.php" line="25" class="Tests\Unit\Playground\Http\Requests\Concerns\StoreFilter\NumberTraitTest" classname="Tests.Unit.Playground.Http.Requests.Concerns.StoreFilter.NumberTraitTest" assertions="4" time="0.021378"/>
        <testcase name="test_filterInteger" file="/app/tests/Unit/Requests/Concerns/StoreFilter/NumberTraitTest.php" line="41" class="Tests\Unit\Playground\Http\Requests\Concerns\StoreFilter\NumberTraitTest" classname="Tests.Unit.Playground.Http.Requests.Concerns.StoreFilter.NumberTraitTest" assertions="6" time="0.019632"/>
        <testcase name="test_filterIntegerId" file="/app/tests/Unit/Requests/Concerns/StoreFilter/NumberTraitTest.php" line="62" class="Tests\Unit\Playground\Http\Requests\Concerns\StoreFilter\NumberTraitTest" classname="Tests.Unit.Playground.Http.Requests.Concerns.StoreFilter.NumberTraitTest" assertions="12" time="0.019693"/>
        <testcase name="test_filterIntegerPositive" file="/app/tests/Unit/Requests/Concerns/StoreFilter/NumberTraitTest.php" line="86" class="Tests\Unit\Playground\Http\Requests\Concerns\StoreFilter\NumberTraitTest" classname="Tests.Unit.Playground.Http.Requests.Concerns.StoreFilter.NumberTraitTest" assertions="27" time="0.020079"/>
        <testcase name="test_filterPercent" file="/app/tests/Unit/Requests/Concerns/StoreFilter/NumberTraitTest.php" line="131" class="Tests\Unit\Playground\Http\Requests\Concerns\StoreFilter\NumberTraitTest" classname="Tests.Unit.Playground.Http.Requests.Concerns.StoreFilter.NumberTraitTest" assertions="6" time="0.021630"/>
      </testsuite>
      <testsuite name="Tests\Unit\Playground\Http\Requests\Concerns\StoreFilter\PhoneTraitTest" file="/app/tests/Unit/Requests/Concerns/StoreFilter/PhoneTraitTest.php" tests="1" assertions="4" errors="0" failures="0" skipped="0" time="0.019734">
        <testcase name="test_filterPhone" file="/app/tests/Unit/Requests/Concerns/StoreFilter/PhoneTraitTest.php" line="25" class="Tests\Unit\Playground\Http\Requests\Concerns\StoreFilter\PhoneTraitTest" classname="Tests.Unit.Playground.Http.Requests.Concerns.StoreFilter.PhoneTraitTest" assertions="4" time="0.019734"/>
      </testsuite>
      <testsuite name="Tests\Unit\Playground\Http\Requests\Concerns\StoreFilter\StatusTraitTest" file="/app/tests/Unit/Requests/Concerns/StoreFilter/StatusTraitTest.php" tests="5" assertions="5" errors="0" failures="0" skipped="0" time="0.100337">
        <testcase name="test_filterStatus_with_empty_input" file="/app/tests/Unit/Requests/Concerns/StoreFilter/StatusTraitTest.php" line="48" class="Tests\Unit\Playground\Http\Requests\Concerns\StoreFilter\StatusTraitTest" classname="Tests.Unit.Playground.Http.Requests.Concerns.StoreFilter.StatusTraitTest" assertions="1" time="0.019783"/>
        <testcase name="test_filterStatus_with_integer" file="/app/tests/Unit/Requests/Concerns/StoreFilter/StatusTraitTest.php" line="61" class="Tests\Unit\Playground\Http\Requests\Concerns\StoreFilter\StatusTraitTest" classname="Tests.Unit.Playground.Http.Requests.Concerns.StoreFilter.StatusTraitTest" assertions="1" time="0.019628"/>
        <testcase name="test_filterStatus_with_integer_as_string" file="/app/tests/Unit/Requests/Concerns/StoreFilter/StatusTraitTest.php" line="74" class="Tests\Unit\Playground\Http\Requests\Concerns\StoreFilter\StatusTraitTest" classname="Tests.Unit.Playground.Http.Requests.Concerns.StoreFilter.StatusTraitTest" assertions="1" time="0.019727"/>
        <testcase name="test_filterStatus_with_integer_as_negative_float" file="/app/tests/Unit/Requests/Concerns/StoreFilter/StatusTraitTest.php" line="87" class="Tests\Unit\Playground\Http\Requests\Concerns\StoreFilter\StatusTraitTest" classname="Tests.Unit.Playground.Http.Requests.Concerns.StoreFilter.StatusTraitTest" assertions="1" time="0.021137"/>
        <testcase name="test_filterStatus_with_map" file="/app/tests/Unit/Requests/Concerns/StoreFilter/StatusTraitTest.php" line="100" class="Tests\Unit\Playground\Http\Requests\Concerns\StoreFilter\StatusTraitTest" classname="Tests.Unit.Playground.Http.Requests.Concerns.StoreFilter.StatusTraitTest" assertions="1" time="0.020061"/>
      </testsuite>
      <testsuite name="Tests\Unit\Playground\Http\Requests\Concerns\StoreFilter\SystemFieldsTraitTest" file="/app/tests/Unit/Requests/Concerns/StoreFilter/SystemFieldsTraitTest.php" tests="6" assertions="10" errors="0" failures="0" skipped="0" time="0.122095">
        <testcase name="test_filterSystemFields_with_empty_input" file="/app/tests/Unit/Requests/Concerns/StoreFilter/SystemFieldsTraitTest.php" line="49" class="Tests\Unit\Playground\Http\Requests\Concerns\StoreFilter\SystemFieldsTraitTest" classname="Tests.Unit.Playground.Http.Requests.Concerns.StoreFilter.SystemFieldsTraitTest" assertions="1" time="0.020029"/>
        <testcase name="test_filterSystemFields_for_groups" file="/app/tests/Unit/Requests/Concerns/StoreFilter/SystemFieldsTraitTest.php" line="62" class="Tests\Unit\Playground\Http\Requests\Concerns\StoreFilter\SystemFieldsTraitTest" classname="Tests.Unit.Playground.Http.Requests.Concerns.StoreFilter.SystemFieldsTraitTest" assertions="1" time="0.019849"/>
        <testcase name="test_filterSystemFields_for_valid_permissions" file="/app/tests/Unit/Requests/Concerns/StoreFilter/SystemFieldsTraitTest.php" line="76" class="Tests\Unit\Playground\Http\Requests\Concerns\StoreFilter\SystemFieldsTraitTest" classname="Tests.Unit.Playground.Http.Requests.Concerns.StoreFilter.SystemFieldsTraitTest" assertions="1" time="0.020215"/>
        <testcase name="test_filterSystemFields_for_invalid_permissions" file="/app/tests/Unit/Requests/Concerns/StoreFilter/SystemFieldsTraitTest.php" line="100" class="Tests\Unit\Playground\Http\Requests\Concerns\StoreFilter\SystemFieldsTraitTest" classname="Tests.Unit.Playground.Http.Requests.Concerns.StoreFilter.SystemFieldsTraitTest" assertions="1" time="0.020178"/>
        <testcase name="test_filterSystemFields_for_rank" file="/app/tests/Unit/Requests/Concerns/StoreFilter/SystemFieldsTraitTest.php" line="123" class="Tests\Unit\Playground\Http\Requests\Concerns\StoreFilter\SystemFieldsTraitTest" classname="Tests.Unit.Playground.Http.Requests.Concerns.StoreFilter.SystemFieldsTraitTest" assertions="3" time="0.021125"/>
        <testcase name="test_filterSystemFields_for_size" file="/app/tests/Unit/Requests/Concerns/StoreFilter/SystemFieldsTraitTest.php" line="146" class="Tests\Unit\Playground\Http\Requests\Concerns\StoreFilter\SystemFieldsTraitTest" classname="Tests.Unit.Playground.Http.Requests.Concerns.StoreFilter.SystemFieldsTraitTest" assertions="3" time="0.020698"/>
      </testsuite>
      <testsuite name="Tests\Unit\Playground\Http\Requests\Concerns\StoreFilter\UuidTraitTest" file="/app/tests/Unit/Requests/Concerns/StoreFilter/UuidTraitTest.php" tests="1" assertions="2" errors="0" failures="0" skipped="0" time="0.036470">
        <testcase name="test_filterUuid" file="/app/tests/Unit/Requests/Concerns/StoreFilter/UuidTraitTest.php" line="24" class="Tests\Unit\Playground\Http\Requests\Concerns\StoreFilter\UuidTraitTest" classname="Tests.Unit.Playground.Http.Requests.Concerns.StoreFilter.UuidTraitTest" assertions="2" time="0.036470"/>
      </testsuite>
      <testsuite name="Tests\Unit\Playground\Http\Requests\Concerns\StoreFilter\ValueTraitTest" file="/app/tests/Unit/Requests/Concerns/StoreFilter/ValueTraitTest.php" tests="3" assertions="20" errors="0" failures="0" skipped="0" time="0.061486">
        <testcase name="test_filterBoolean" file="/app/tests/Unit/Requests/Concerns/StoreFilter/ValueTraitTest.php" line="27" class="Tests\Unit\Playground\Http\Requests\Concerns\StoreFilter\ValueTraitTest" classname="Tests.Unit.Playground.Http.Requests.Concerns.StoreFilter.ValueTraitTest" assertions="12" time="0.020310"/>
        <testcase name="test_filterEmail" file="/app/tests/Unit/Requests/Concerns/StoreFilter/ValueTraitTest.php" line="73" class="Tests\Unit\Playground\Http\Requests\Concerns\StoreFilter\ValueTraitTest" classname="Tests.Unit.Playground.Http.Requests.Concerns.StoreFilter.ValueTraitTest" assertions="6" time="0.019702"/>
        <testcase name="test_filterHtml" file="/app/tests/Unit/Requests/Concerns/StoreFilter/ValueTraitTest.php" line="101" class="Tests\Unit\Playground\Http\Requests\Concerns\StoreFilter\ValueTraitTest" classname="Tests.Unit.Playground.Http.Requests.Concerns.StoreFilter.ValueTraitTest" assertions="2" time="0.021474"/>
      </testsuite>
    </testsuite>
    <testsuite name="Feature" tests="1" assertions="2" errors="0" failures="0" skipped="0" time="0.122329">
      <testsuite name="Tests\Feature\Playground\Http\Console\Commands\About\CommandTest" file="/app/tests/Feature/Console/Commands/About/CommandTest.php" tests="1" assertions="2" errors="0" failures="0" skipped="0" time="0.122329">
        <testcase name="test_command_about_displays_package_information_and_succeed_with_code_0" file="/app/tests/Feature/Console/Commands/About/CommandTest.php" line="19" class="Tests\Feature\Playground\Http\Console\Commands\About\CommandTest" classname="Tests.Feature.Playground.Http.Console.Commands.About.CommandTest" assertions="2" time="0.122329"/>
      </testsuite>
    </testsuite>
  </testsuite>
</testsuites>
