<?xml version="1.0" encoding="UTF-8"?>
<testsuites>
  <testsuite name="" tests="27" assertions="128" errors="0" failures="0" skipped="0" time="0.469266">
    <testsuite name="Unit" tests="26" assertions="126" errors="0" failures="0" skipped="0" time="0.365353">
      <testsuite name="Tests\Unit\Playground\Http\Requests\Concerns\StoreContent\TraitTest" file="/app/tests/Unit/Requests/Concerns/StoreContent/TraitTest.php" tests="5" assertions="5" errors="0" failures="0" skipped="0" time="0.262299">
        <testcase name="test_purify" file="/app/tests/Unit/Requests/Concerns/StoreContent/TraitTest.php" line="15" class="Tests\Unit\Playground\Http\Requests\Concerns\StoreContent\TraitTest" classname="Tests.Unit.Playground.Http.Requests.Concerns.StoreContent.TraitTest" assertions="1" time="0.245931"/>
        <testcase name="test_exorcise" file="/app/tests/Unit/Requests/Concerns/StoreContent/TraitTest.php" line="24" class="Tests\Unit\Playground\Http\Requests\Concerns\StoreContent\TraitTest" classname="Tests.Unit.Playground.Http.Requests.Concerns.StoreContent.TraitTest" assertions="1" time="0.004275"/>
        <testcase name="test_getHtmlPurifier" file="/app/tests/Unit/Requests/Concerns/StoreContent/TraitTest.php" line="33" class="Tests\Unit\Playground\Http\Requests\Concerns\StoreContent\TraitTest" classname="Tests.Unit.Playground.Http.Requests.Concerns.StoreContent.TraitTest" assertions="1" time="0.004142"/>
        <testcase name="test_getHtmlPurifier_with_iframes" file="/app/tests/Unit/Requests/Concerns/StoreContent/TraitTest.php" line="43" class="Tests\Unit\Playground\Http\Requests\Concerns\StoreContent\TraitTest" classname="Tests.Unit.Playground.Http.Requests.Concerns.StoreContent.TraitTest" assertions="1" time="0.003941"/>
        <testcase name="test_getHtmlPurifier_with_purifier_path" file="/app/tests/Unit/Requests/Concerns/StoreContent/TraitTest.php" line="55" class="Tests\Unit\Playground\Http\Requests\Concerns\StoreContent\TraitTest" classname="Tests.Unit.Playground.Http.Requests.Concerns.StoreContent.TraitTest" assertions="1" time="0.004009"/>
      </testsuite>
      <testsuite name="Tests\Unit\Playground\Http\Requests\Concerns\StoreFilter\ArrayTraitTest" file="/app/tests/Unit/Requests/Concerns/StoreFilter/ArrayTraitTest.php" tests="2" assertions="12" errors="0" failures="0" skipped="0" time="0.008205">
        <testcase name="test_filterArray" file="/app/tests/Unit/Requests/Concerns/StoreFilter/ArrayTraitTest.php" line="23" class="Tests\Unit\Playground\Http\Requests\Concerns\StoreFilter\ArrayTraitTest" classname="Tests.Unit.Playground.Http.Requests.Concerns.StoreFilter.ArrayTraitTest" assertions="6" time="0.004057"/>
        <testcase name="test_filterArray_to_json" file="/app/tests/Unit/Requests/Concerns/StoreFilter/ArrayTraitTest.php" line="63" class="Tests\Unit\Playground\Http\Requests\Concerns\StoreFilter\ArrayTraitTest" classname="Tests.Unit.Playground.Http.Requests.Concerns.StoreFilter.ArrayTraitTest" assertions="6" time="0.004148"/>
      </testsuite>
      <testsuite name="Tests\Unit\Playground\Http\Requests\Concerns\StoreFilter\BitsTraitTest" file="/app/tests/Unit/Requests/Concerns/StoreFilter/BitsTraitTest.php" tests="2" assertions="7" errors="0" failures="0" skipped="0" time="0.008084">
        <testcase name="test_filterBits_for_exponent_zero" file="/app/tests/Unit/Requests/Concerns/StoreFilter/BitsTraitTest.php" line="23" class="Tests\Unit\Playground\Http\Requests\Concerns\StoreFilter\BitsTraitTest" classname="Tests.Unit.Playground.Http.Requests.Concerns.StoreFilter.BitsTraitTest" assertions="2" time="0.003934"/>
        <testcase name="test_filterBits_for_exponent_greater_than_zero" file="/app/tests/Unit/Requests/Concerns/StoreFilter/BitsTraitTest.php" line="39" class="Tests\Unit\Playground\Http\Requests\Concerns\StoreFilter\BitsTraitTest" classname="Tests.Unit.Playground.Http.Requests.Concerns.StoreFilter.BitsTraitTest" assertions="5" time="0.004150"/>
      </testsuite>
      <testsuite name="Tests\Unit\Playground\Http\Requests\Concerns\StoreFilter\DateTraitTest" file="/app/tests/Unit/Requests/Concerns/StoreFilter/DateTraitTest.php" tests="2" assertions="5" errors="0" failures="0" skipped="0" time="0.008546">
        <testcase name="test_filterDate" file="/app/tests/Unit/Requests/Concerns/StoreFilter/DateTraitTest.php" line="33" class="Tests\Unit\Playground\Http\Requests\Concerns\StoreFilter\DateTraitTest" classname="Tests.Unit.Playground.Http.Requests.Concerns.StoreFilter.DateTraitTest" assertions="2" time="0.004398"/>
        <testcase name="test_filterDateAsCarbon" file="/app/tests/Unit/Requests/Concerns/StoreFilter/DateTraitTest.php" line="56" class="Tests\Unit\Playground\Http\Requests\Concerns\StoreFilter\DateTraitTest" classname="Tests.Unit.Playground.Http.Requests.Concerns.StoreFilter.DateTraitTest" assertions="3" time="0.004149"/>
      </testsuite>
      <testsuite name="Tests\Unit\Playground\Http\Requests\Concerns\StoreFilter\NumberTraitTest" file="/app/tests/Unit/Requests/Concerns/StoreFilter/NumberTraitTest.php" tests="5" assertions="55" errors="0" failures="0" skipped="0" time="0.020850">
        <testcase name="test_filterFloat" file="/app/tests/Unit/Requests/Concerns/StoreFilter/NumberTraitTest.php" line="23" class="Tests\Unit\Playground\Http\Requests\Concerns\StoreFilter\NumberTraitTest" classname="Tests.Unit.Playground.Http.Requests.Concerns.StoreFilter.NumberTraitTest" assertions="4" time="0.003960"/>
        <testcase name="test_filterInteger" file="/app/tests/Unit/Requests/Concerns/StoreFilter/NumberTraitTest.php" line="39" class="Tests\Unit\Playground\Http\Requests\Concerns\StoreFilter\NumberTraitTest" classname="Tests.Unit.Playground.Http.Requests.Concerns.StoreFilter.NumberTraitTest" assertions="6" time="0.003982"/>
        <testcase name="test_filterIntegerId" file="/app/tests/Unit/Requests/Concerns/StoreFilter/NumberTraitTest.php" line="60" class="Tests\Unit\Playground\Http\Requests\Concerns\StoreFilter\NumberTraitTest" classname="Tests.Unit.Playground.Http.Requests.Concerns.StoreFilter.NumberTraitTest" assertions="12" time="0.004177"/>
        <testcase name="test_filterIntegerPositive" file="/app/tests/Unit/Requests/Concerns/StoreFilter/NumberTraitTest.php" line="84" class="Tests\Unit\Playground\Http\Requests\Concerns\StoreFilter\NumberTraitTest" classname="Tests.Unit.Playground.Http.Requests.Concerns.StoreFilter.NumberTraitTest" assertions="27" time="0.004608"/>
        <testcase name="test_filterPercent" file="/app/tests/Unit/Requests/Concerns/StoreFilter/NumberTraitTest.php" line="129" class="Tests\Unit\Playground\Http\Requests\Concerns\StoreFilter\NumberTraitTest" classname="Tests.Unit.Playground.Http.Requests.Concerns.StoreFilter.NumberTraitTest" assertions="6" time="0.004122"/>
      </testsuite>
      <testsuite name="Tests\Unit\Playground\Http\Requests\Concerns\StoreFilter\PhoneTraitTest" file="/app/tests/Unit/Requests/Concerns/StoreFilter/PhoneTraitTest.php" tests="1" assertions="4" errors="0" failures="0" skipped="0" time="0.004001">
        <testcase name="test_filterPhone" file="/app/tests/Unit/Requests/Concerns/StoreFilter/PhoneTraitTest.php" line="23" class="Tests\Unit\Playground\Http\Requests\Concerns\StoreFilter\PhoneTraitTest" classname="Tests.Unit.Playground.Http.Requests.Concerns.StoreFilter.PhoneTraitTest" assertions="4" time="0.004001"/>
      </testsuite>
      <testsuite name="Tests\Unit\Playground\Http\Requests\Concerns\StoreFilter\StatusTraitTest" file="/app/tests/Unit/Requests/Concerns/StoreFilter/StatusTraitTest.php" tests="1" assertions="5" errors="0" failures="0" skipped="0" time="0.004181">
        <testcase name="test_filterStatus" file="/app/tests/Unit/Requests/Concerns/StoreFilter/StatusTraitTest.php" line="22" class="Tests\Unit\Playground\Http\Requests\Concerns\StoreFilter\StatusTraitTest" classname="Tests.Unit.Playground.Http.Requests.Concerns.StoreFilter.StatusTraitTest" assertions="5" time="0.004181"/>
      </testsuite>
      <testsuite name="Tests\Unit\Playground\Http\Requests\Concerns\StoreFilter\SystemFieldsTraitTest" file="/app/tests/Unit/Requests/Concerns/StoreFilter/SystemFieldsTraitTest.php" tests="4" assertions="11" errors="0" failures="0" skipped="0" time="0.016201">
        <testcase name="test_filterSystemFields_for_groups" file="/app/tests/Unit/Requests/Concerns/StoreFilter/SystemFieldsTraitTest.php" line="23" class="Tests\Unit\Playground\Http\Requests\Concerns\StoreFilter\SystemFieldsTraitTest" classname="Tests.Unit.Playground.Http.Requests.Concerns.StoreFilter.SystemFieldsTraitTest" assertions="2" time="0.004211"/>
        <testcase name="test_filterSystemFields_for_permissions" file="/app/tests/Unit/Requests/Concerns/StoreFilter/SystemFieldsTraitTest.php" line="38" class="Tests\Unit\Playground\Http\Requests\Concerns\StoreFilter\SystemFieldsTraitTest" classname="Tests.Unit.Playground.Http.Requests.Concerns.StoreFilter.SystemFieldsTraitTest" assertions="3" time="0.004035"/>
        <testcase name="test_filterSystemFields_for_rank" file="/app/tests/Unit/Requests/Concerns/StoreFilter/SystemFieldsTraitTest.php" line="74" class="Tests\Unit\Playground\Http\Requests\Concerns\StoreFilter\SystemFieldsTraitTest" classname="Tests.Unit.Playground.Http.Requests.Concerns.StoreFilter.SystemFieldsTraitTest" assertions="3" time="0.004045"/>
        <testcase name="test_filterSystemFields_for_size" file="/app/tests/Unit/Requests/Concerns/StoreFilter/SystemFieldsTraitTest.php" line="93" class="Tests\Unit\Playground\Http\Requests\Concerns\StoreFilter\SystemFieldsTraitTest" classname="Tests.Unit.Playground.Http.Requests.Concerns.StoreFilter.SystemFieldsTraitTest" assertions="3" time="0.003910"/>
      </testsuite>
      <testsuite name="Tests\Unit\Playground\Http\Requests\Concerns\StoreFilter\UuidTraitTest" file="/app/tests/Unit/Requests/Concerns/StoreFilter/UuidTraitTest.php" tests="1" assertions="2" errors="0" failures="0" skipped="0" time="0.020044">
        <testcase name="test_filterUuid" file="/app/tests/Unit/Requests/Concerns/StoreFilter/UuidTraitTest.php" line="22" class="Tests\Unit\Playground\Http\Requests\Concerns\StoreFilter\UuidTraitTest" classname="Tests.Unit.Playground.Http.Requests.Concerns.StoreFilter.UuidTraitTest" assertions="2" time="0.020044"/>
      </testsuite>
      <testsuite name="Tests\Unit\Playground\Http\Requests\Concerns\StoreFilter\ValueTraitTest" file="/app/tests/Unit/Requests/Concerns/StoreFilter/ValueTraitTest.php" tests="3" assertions="20" errors="0" failures="0" skipped="0" time="0.012942">
        <testcase name="test_filterBoolean" file="/app/tests/Unit/Requests/Concerns/StoreFilter/ValueTraitTest.php" line="25" class="Tests\Unit\Playground\Http\Requests\Concerns\StoreFilter\ValueTraitTest" classname="Tests.Unit.Playground.Http.Requests.Concerns.StoreFilter.ValueTraitTest" assertions="12" time="0.004322"/>
        <testcase name="test_filterEmail" file="/app/tests/Unit/Requests/Concerns/StoreFilter/ValueTraitTest.php" line="71" class="Tests\Unit\Playground\Http\Requests\Concerns\StoreFilter\ValueTraitTest" classname="Tests.Unit.Playground.Http.Requests.Concerns.StoreFilter.ValueTraitTest" assertions="6" time="0.003957"/>
        <testcase name="test_filterHtml" file="/app/tests/Unit/Requests/Concerns/StoreFilter/ValueTraitTest.php" line="99" class="Tests\Unit\Playground\Http\Requests\Concerns\StoreFilter\ValueTraitTest" classname="Tests.Unit.Playground.Http.Requests.Concerns.StoreFilter.ValueTraitTest" assertions="2" time="0.004663"/>
      </testsuite>
    </testsuite>
    <testsuite name="Feature" tests="1" assertions="2" errors="0" failures="0" skipped="0" time="0.103914">
      <testsuite name="Tests\Feature\Playground\Http\Console\Commands\About\CommandTest" file="/app/tests/Feature/Console/Commands/About/CommandTest.php" tests="1" assertions="2" errors="0" failures="0" skipped="0" time="0.103914">
        <testcase name="test_command_about_displays_package_information_and_succeed_with_code_0" file="/app/tests/Feature/Console/Commands/About/CommandTest.php" line="19" class="Tests\Feature\Playground\Http\Console\Commands\About\CommandTest" classname="Tests.Feature.Playground.Http.Console.Commands.About.CommandTest" assertions="2" time="0.103914"/>
      </testsuite>
    </testsuite>
  </testsuite>
</testsuites>
